c:\users\t-joanto\sdk_update\rms-sdk-for-cpp\wrapper\cli_wrapper\rms_sdk_cpp_wrapper\debug\rms_sdk_cpp_wrapper.pch
c:\users\t-joanto\sdk_update\rms-sdk-for-cpp\wrapper\cli_wrapper\rms_sdk_cpp_wrapper\debug\vc141.pdb
c:\users\t-joanto\sdk_update\rms-sdk-for-cpp\wrapper\cli_wrapper\rms_sdk_cpp_wrapper\debug\stdafx.obj
c:\users\t-joanto\sdk_update\rms-sdk-for-cpp\wrapper\cli_wrapper\rms_sdk_cpp_wrapper\debug\writabledatacollectionexp.obj
c:\users\t-joanto\sdk_update\rms-sdk-for-cpp\wrapper\cli_wrapper\rms_sdk_cpp_wrapper\debug\iauthenticationcallbackwrapper.obj
c:\users\t-joanto\sdk_update\rms-sdk-for-cpp\wrapper\cli_wrapper\rms_sdk_cpp_wrapper\debug\datacollectionexp.obj
c:\users\t-joanto\sdk_update\rms-sdk-for-cpp\wrapper\cli_wrapper\rms_sdk_cpp_wrapper\debug\authenticationcallbacktester.obj
c:\users\t-joanto\sdk_update\rms-sdk-for-cpp\wrapper\cli_wrapper\rms_sdk_cpp_wrapper\debug\assemblyinfo.obj
c:\users\t-joanto\sdk_update\rms-sdk-for-cpp\wrapper\cli_wrapper\rms_sdk_cpp_wrapper\debug\.netframework,version=v4.5.2.assemblyattributes.obj
c:\users\t-joanto\sdk_update\rms-sdk-for-cpp\wrapper\cli_wrapper\rms_sdk_cpp_wrapper\debug\.netframework,version=v4.5.2.assemblyattributes.asm
c:\users\t-joanto\documents\visual studio 2017\projects\vstosecuresenderplugin\debug\rms_sdk_cpp_wrapper.dll
c:\users\t-joanto\documents\visual studio 2017\projects\vstosecuresenderplugin\debug\rms_sdk_cpp_wrapper.pdb
c:\users\t-joanto\sdk_update\rms-sdk-for-cpp\wrapper\cli_wrapper\rms_sdk_cpp_wrapper\debug\app.res
c:\users\t-joanto\sdk_update\rms-sdk-for-cpp\wrapper\cli_wrapper\rms_sdk_cpp_wrapper\debug\rms_sdk_.0e665d8c.tlog\cl.command.1.tlog
c:\users\t-joanto\sdk_update\rms-sdk-for-cpp\wrapper\cli_wrapper\rms_sdk_cpp_wrapper\debug\rms_sdk_.0e665d8c.tlog\cl.read.1.tlog
c:\users\t-joanto\sdk_update\rms-sdk-for-cpp\wrapper\cli_wrapper\rms_sdk_cpp_wrapper\debug\rms_sdk_.0e665d8c.tlog\cl.write.1.tlog
c:\users\t-joanto\sdk_update\rms-sdk-for-cpp\wrapper\cli_wrapper\rms_sdk_cpp_wrapper\debug\rms_sdk_.0e665d8c.tlog\link.command.1.tlog
c:\users\t-joanto\sdk_update\rms-sdk-for-cpp\wrapper\cli_wrapper\rms_sdk_cpp_wrapper\debug\rms_sdk_.0e665d8c.tlog\link.read.1.tlog
c:\users\t-joanto\sdk_update\rms-sdk-for-cpp\wrapper\cli_wrapper\rms_sdk_cpp_wrapper\debug\rms_sdk_.0e665d8c.tlog\link.write.1.tlog
c:\users\t-joanto\sdk_update\rms-sdk-for-cpp\wrapper\cli_wrapper\rms_sdk_cpp_wrapper\debug\rms_sdk_.0e665d8c.tlog\metagen.read.1.tlog
c:\users\t-joanto\sdk_update\rms-sdk-for-cpp\wrapper\cli_wrapper\rms_sdk_cpp_wrapper\debug\rms_sdk_.0e665d8c.tlog\metagen.write.1.tlog
c:\users\t-joanto\sdk_update\rms-sdk-for-cpp\wrapper\cli_wrapper\rms_sdk_cpp_wrapper\debug\rms_sdk_.0e665d8c.tlog\rc.command.1.tlog
c:\users\t-joanto\sdk_update\rms-sdk-for-cpp\wrapper\cli_wrapper\rms_sdk_cpp_wrapper\debug\rms_sdk_.0e665d8c.tlog\rc.read.1.tlog
c:\users\t-joanto\sdk_update\rms-sdk-for-cpp\wrapper\cli_wrapper\rms_sdk_cpp_wrapper\debug\rms_sdk_.0e665d8c.tlog\rc.write.1.tlog
c:\users\t-joanto\sdk_update\rms-sdk-for-cpp\wrapper\cli_wrapper\rms_sdk_cpp_wrapper\debug\rms_sdk_.0e665d8c.tlog\tzres.dll.bi
